<?xml version="1.0" encoding="UTF-8"?>
<testng-results skipped="0" failed="0" ignored="0" total="2" passed="2">
  <reporter-output>
  </reporter-output>
  <suite name="Suite" duration-ms="6704" started-at="2017-07-27T07:57:06Z" finished-at="2017-07-27T07:57:12Z">
    <groups>
    </groups>
    <test name="Test" duration-ms="6704" started-at="2017-07-27T07:57:06Z" finished-at="2017-07-27T07:57:12Z">
      <class name="com.webdriver.test.TestLogin">
        <test-method status="PASS" signature="setUp()[pri:0, instance:com.webdriver.test.TestLogin@548e7350]" name="setUp" is-config="true" duration-ms="2972" started-at="2017-07-27T15:57:06Z" finished-at="2017-07-27T15:57:09Z">
          <reporter-output>
          </reporter-output>
        </test-method> <!-- setUp -->
        <test-method status="PASS" signature="TestLogin()[pri:0, instance:com.webdriver.test.TestLogin@548e7350]" name="TestLogin" duration-ms="2558" started-at="2017-07-27T15:57:09Z" finished-at="2017-07-27T15:57:11Z">
          <reporter-output>
          </reporter-output>
        </test-method> <!-- TestLogin -->
        <test-method status="PASS" signature="TestPrintf()[pri:0, instance:com.webdriver.test.TestLogin@548e7350]" name="TestPrintf" duration-ms="2" started-at="2017-07-27T15:57:11Z" finished-at="2017-07-27T15:57:11Z">
          <reporter-output>
          </reporter-output>
        </test-method> <!-- TestPrintf -->
        <test-method status="PASS" signature="tearDown()[pri:0, instance:com.webdriver.test.TestLogin@548e7350]" name="tearDown" is-config="true" duration-ms="1149" started-at="2017-07-27T15:57:11Z" finished-at="2017-07-27T15:57:12Z">
          <reporter-output>
          </reporter-output>
        </test-method> <!-- tearDown -->
      </class> <!-- com.webdriver.test.TestLogin -->
    </test> <!-- Test -->
  </suite> <!-- Suite -->
</testng-results>
