<?xml version="1.0" encoding="UTF-8"?>
<testng-results skipped="0" failed="0" ignored="0" total="2" passed="2">
  <reporter-output>
  </reporter-output>
  <suite name="Default suite" duration-ms="7684" started-at="2017-07-27T07:21:10Z" finished-at="2017-07-27T07:21:18Z">
    <groups>
    </groups>
    <test name="Default test" duration-ms="7684" started-at="2017-07-27T07:21:10Z" finished-at="2017-07-27T07:21:18Z">
      <class name="com.webdriver.test.TestLogin">
        <test-method status="PASS" signature="setUp()[pri:0, instance:com.webdriver.test.TestLogin@5442a311]" name="setUp" is-config="true" duration-ms="3029" started-at="2017-07-27T15:21:10Z" finished-at="2017-07-27T15:21:13Z">
          <reporter-output>
          </reporter-output>
        </test-method> <!-- setUp -->
        <test-method status="PASS" signature="TestLogin()[pri:0, instance:com.webdriver.test.TestLogin@5442a311]" name="TestLogin" duration-ms="3462" started-at="2017-07-27T15:21:13Z" finished-at="2017-07-27T15:21:17Z">
          <reporter-output>
          </reporter-output>
        </test-method> <!-- TestLogin -->
        <test-method status="PASS" signature="TestPrintf()[pri:0, instance:com.webdriver.test.TestLogin@5442a311]" name="TestPrintf" duration-ms="2" started-at="2017-07-27T15:21:17Z" finished-at="2017-07-27T15:21:17Z">
          <reporter-output>
          </reporter-output>
        </test-method> <!-- TestPrintf -->
        <test-method status="PASS" signature="tearDown()[pri:0, instance:com.webdriver.test.TestLogin@5442a311]" name="tearDown" is-config="true" duration-ms="1166" started-at="2017-07-27T15:21:17Z" finished-at="2017-07-27T15:21:18Z">
          <reporter-output>
          </reporter-output>
        </test-method> <!-- tearDown -->
      </class> <!-- com.webdriver.test.TestLogin -->
    </test> <!-- Default test -->
  </suite> <!-- Default suite -->
</testng-results>
